#
# There is insufficient memory for the Java Runtime Environment to continue.
# Native memory allocation (mmap) failed to map 264241152 bytes for G1 virtual space
# Possible reasons:
#   The system is out of physical RAM or swap space
#   The process is running with CompressedOops enabled, and the Java Heap may be blocking the growth of the native heap
# Possible solutions:
#   Reduce memory load on the system
#   Increase physical memory or swap space
#   Check if swap backing store is full
#   Decrease Java heap size (-Xmx/-Xms)
#   Decrease number of Java threads
#   Decrease Java thread stack sizes (-Xss)
#   Set larger code cache with -XX:ReservedCodeCacheSize=
#   JVM is running with Zero Based Compressed Oops mode in which the Java heap is
#     placed in the first 32GB address space. The Java Heap base address is the
#     maximum limit for the native heap growth. Please use -XX:HeapBaseMinAddress
#     to set the Java Heap base and to place the Java Heap above 32GB virtual address.
# This output file may be truncated or incomplete.
#
#  Out of Memory Error (os_windows.cpp:3552), pid=16772, tid=648
#
# JRE version:  (17.0.9+11) (build )
# Java VM: Java HotSpot(TM) 64-Bit Server VM (17.0.9+11-LTS-201, mixed mode, sharing, tiered, compressed oops, compressed class ptrs, g1 gc, windows-amd64)
# No core dump will be written. Minidumps are not enabled by default on client versions of Windows
#

---------------  S U M M A R Y ------------

Command Line: -Dmaven.multiModuleProjectDirectory=D:\IT Academy\BootCamp\bootcamp_test_task -Djansi.passthrough=true -Dmaven.home=C:\Users\User\.m2\wrapper\dists\apache-maven-3.9.5-bin\2adeog8mj13csp1uusqnc1f2mo\apache-maven-3.9.5 -Dclassworlds.conf=C:\Users\User\.m2\wrapper\dists\apache-maven-3.9.5-bin\2adeog8mj13csp1uusqnc1f2mo\apache-maven-3.9.5\bin\m2.conf -Dmaven.ext.class.path=D:\IntelliJ IDEA Ultimate\IntelliJ IDEA 2023.1.2\plugins\maven\lib\maven-event-listener.jar -javaagent:D:\IntelliJ IDEA Ultimate\IntelliJ IDEA 2023.1.2\lib\idea_rt.jar=59332:D:\IntelliJ IDEA Ultimate\IntelliJ IDEA 2023.1.2\bin -Dfile.encoding=UTF-8 org.codehaus.classworlds.Launcher -Didea.version=2023.1.2 clean

Host: 11th Gen Intel(R) Core(TM) i7-11800H @ 2.30GHz, 16 cores, 15G,  Windows 10 , 64 bit Build 19041 (10.0.19041.3636)
Time: Sun Jan 21 14:03:48 2024  Windows 10 , 64 bit Build 19041 (10.0.19041.3636) elapsed time: 0.007109 seconds (0d 0h 0m 0s)

---------------  T H R E A D  ---------------

Current thread (0x00000128bf347a10):  JavaThread "Unknown thread" [_thread_in_vm, id=648, stack(0x0000000100600000,0x0000000100700000)]

Stack: [0x0000000100600000,0x0000000100700000]
Native frames: (J=compiled Java code, j=interpreted, Vv=VM code, C=native code)
V  [jvm.dll+0x678a4a]
V  [jvm.dll+0x7d9cfd]
V  [jvm.dll+0x7db60e]
V  [jvm.dll+0x7dbc73]
V  [jvm.dll+0x245e1f]
V  [jvm.dll+0x6758f9]
V  [jvm.dll+0x66a2a2]
V  [jvm.dll+0x303686]
V  [jvm.dll+0x30ac06]
V  [jvm.dll+0x35a48e]
V  [jvm.dll+0x35a6bf]
V  [jvm.dll+0x2da678]
V  [jvm.dll+0x2db5e4]
V  [jvm.dll+0x7ab6b1]
V  [jvm.dll+0x368041]
V  [jvm.dll+0x78a749]
V  [jvm.dll+0x3ebd4f]
V  [jvm.dll+0x3ed7d1]
C  [jli.dll+0x5297]
C  [ucrtbase.dll+0x21bb2]
C  [KERNEL32.DLL+0x17344]
C  [ntdll.dll+0x526b1]


---------------  P R O C E S S  ---------------

Threads class SMR info:
_java_thread_list=0x00007fff14ca89d8, length=0, elements={
}

Java Threads: ( => current thread )

Other Threads:
  0x00000128bf3b60b0 GCTaskThread "GC Thread#0" [stack: 0x0000000100700000,0x0000000100800000] [id=2544]
  0x00000128bf3c7c10 ConcurrentGCThread "G1 Main Marker" [stack: 0x0000000100800000,0x0000000100900000] [id=19508]
  0x00000128bf3c8dc0 ConcurrentGCThread "G1 Conc#0" [stack: 0x0000000100900000,0x0000000100a00000] [id=21920]

[error occurred during error reporting (printing all threads), id 0xc0000005, EXCEPTION_ACCESS_VIOLATION (0xc0000005) at pc=0x00007fff144db2d7]

VM state: not at safepoint (not fully initialized)

VM Mutex/Monitor currently owned by a thread:  ([mutex/lock_event])
[0x00000128bf344df0] Heap_lock - owner thread: 0x00000128bf347a10

Heap address: 0x0000000704000000, size: 4032 MB, Compressed Oops mode: Zero based, Oop shift amount: 3

CDS archive(s) mapped at: [0x0000000000000000-0x0000000000000000-0x0000000000000000), size 0, SharedBaseAddress: 0x0000000800000000, ArchiveRelocationMode: 1.
Narrow klass base: 0x0000000000000000, Narrow klass shift: 0, Narrow klass range: 0x0

GC Precious Log:
<Empty>

Heap:
 garbage-first heap   total 0K, used 0K [0x0000000704000000, 0x0000000800000000)
  region size 2048K, 0 young (0K), 0 survivors (0K)

[error occurred during error reporting (printing heap information), id 0xc0000005, EXCEPTION_ACCESS_VIOLATION (0xc0000005) at pc=0x00007fff148c2229]

GC Heap History (0 events):
No events

Deoptimization events (0 events):
No events

Classes unloaded (0 events):
No events

Classes redefined (0 events):
No events

Internal exceptions (0 events):
No events

VM Operations (0 events):
No events

Events (1 events):
Event: 0.005 Loaded shared library C:\Program Files\Java\jdk-17\bin\java.dll


Dynamic libraries:
0x00007ff72ddd0000 - 0x00007ff72dde0000 	C:\Program Files\Java\jdk-17\bin\java.exe
0x00007fffdb930000 - 0x00007fffdbb28000 	C:\Windows\SYSTEM32\ntdll.dll
0x00007fffda280000 - 0x00007fffda33d000 	C:\Windows\System32\KERNEL32.DLL
0x00007fffd94f0000 - 0x00007fffd97e6000 	C:\Windows\System32\KERNELBASE.dll
0x00007fffd97f0000 - 0x00007fffd98f0000 	C:\Windows\System32\ucrtbase.dll
0x00007fff870b0000 - 0x00007fff870c9000 	C:\Program Files\Java\jdk-17\bin\jli.dll
0x00007fff870d0000 - 0x00007fff870eb000 	C:\Program Files\Java\jdk-17\bin\VCRUNTIME140.dll
0x00007fffda5d0000 - 0x00007fffda683000 	C:\Windows\System32\ADVAPI32.dll
0x00007fffdaf00000 - 0x00007fffdaf9e000 	C:\Windows\System32\msvcrt.dll
0x00007fffdab60000 - 0x00007fffdabff000 	C:\Windows\System32\sechost.dll
0x00007fffdb5a0000 - 0x00007fffdb6c6000 	C:\Windows\System32\RPCRT4.dll
0x00007fffd9400000 - 0x00007fffd9427000 	C:\Windows\System32\bcrypt.dll
0x00007fffdac00000 - 0x00007fffdad9e000 	C:\Windows\System32\USER32.dll
0x00007fffd90a0000 - 0x00007fffd90c2000 	C:\Windows\System32\win32u.dll
0x00007fffcdea0000 - 0x00007fffce13a000 	C:\Windows\WinSxS\amd64_microsoft.windows.common-controls_6595b64144ccf1df_6.0.19041.3636_none_60b6a03d71f818d5\COMCTL32.dll
0x00007fffdb010000 - 0x00007fffdb03c000 	C:\Windows\System32\GDI32.dll
0x00007fffd9230000 - 0x00007fffd934a000 	C:\Windows\System32\gdi32full.dll
0x00007fffd9000000 - 0x00007fffd909d000 	C:\Windows\System32\msvcp_win.dll
0x00007fffccc40000 - 0x00007fffccc4a000 	C:\Windows\SYSTEM32\VERSION.dll
0x00007fffdadb0000 - 0x00007fffdade0000 	C:\Windows\System32\IMM32.DLL
0x00007fff96530000 - 0x00007fff9653c000 	C:\Program Files\Java\jdk-17\bin\vcruntime140_1.dll
0x00007fff87020000 - 0x00007fff870ae000 	C:\Program Files\Java\jdk-17\bin\msvcp140.dll
0x00007fff141f0000 - 0x00007fff14dd1000 	C:\Program Files\Java\jdk-17\bin\server\jvm.dll
0x00007fffda7f0000 - 0x00007fffda7f8000 	C:\Windows\System32\PSAPI.DLL
0x00007fffab1f0000 - 0x00007fffab217000 	C:\Windows\SYSTEM32\WINMM.dll
0x00007fffa3610000 - 0x00007fffa3619000 	C:\Windows\SYSTEM32\WSOCK32.dll
0x00007fffdafa0000 - 0x00007fffdb00b000 	C:\Windows\System32\WS2_32.dll
0x00007fffd7800000 - 0x00007fffd7812000 	C:\Windows\SYSTEM32\kernel.appcore.dll
0x00007fff87010000 - 0x00007fff8701a000 	C:\Program Files\Java\jdk-17\bin\jimage.dll
0x00007fffd7530000 - 0x00007fffd7714000 	C:\Windows\SYSTEM32\DBGHELP.DLL
0x00007fffca0b0000 - 0x00007fffca0e4000 	C:\Windows\SYSTEM32\dbgcore.DLL
0x00007fffd98f0000 - 0x00007fffd9972000 	C:\Windows\System32\bcryptPrimitives.dll
0x00007fffd1f60000 - 0x00007fffd1f6e000 	C:\Program Files\Java\jdk-17\bin\instrument.dll
0x00007fff86fe0000 - 0x00007fff87005000 	C:\Program Files\Java\jdk-17\bin\java.dll

dbghelp: loaded successfully - version: 4.0.5 - missing functions: none
symbol engine: initialized successfully - sym options: 0x614 - pdb path: .;C:\Program Files\Java\jdk-17\bin;C:\Windows\SYSTEM32;C:\Windows\WinSxS\amd64_microsoft.windows.common-controls_6595b64144ccf1df_6.0.19041.3636_none_60b6a03d71f818d5;C:\Program Files\Java\jdk-17\bin\server

VM Arguments:
jvm_args: -Dmaven.multiModuleProjectDirectory=D:\IT Academy\BootCamp\bootcamp_test_task -Djansi.passthrough=true -Dmaven.home=C:\Users\User\.m2\wrapper\dists\apache-maven-3.9.5-bin\2adeog8mj13csp1uusqnc1f2mo\apache-maven-3.9.5 -Dclassworlds.conf=C:\Users\User\.m2\wrapper\dists\apache-maven-3.9.5-bin\2adeog8mj13csp1uusqnc1f2mo\apache-maven-3.9.5\bin\m2.conf -Dmaven.ext.class.path=D:\IntelliJ IDEA Ultimate\IntelliJ IDEA 2023.1.2\plugins\maven\lib\maven-event-listener.jar -javaagent:D:\IntelliJ IDEA Ultimate\IntelliJ IDEA 2023.1.2\lib\idea_rt.jar=59332:D:\IntelliJ IDEA Ultimate\IntelliJ IDEA 2023.1.2\bin -Dfile.encoding=UTF-8 
java_command: org.codehaus.classworlds.Launcher -Didea.version=2023.1.2 clean
java_class_path (initial): C:\Users\User\.m2\wrapper\dists\apache-maven-3.9.5-bin\2adeog8mj13csp1uusqnc1f2mo\apache-maven-3.9.5\boot\plexus-classworlds-2.7.0.jar;C:\Users\User\.m2\wrapper\dists\apache-maven-3.9.5-bin\2adeog8mj13csp1uusqnc1f2mo\apache-maven-3.9.5\boot\plexus-classworlds.license
Launcher Type: SUN_STANDARD

[Global flags]
     intx CICompilerCount                          = 12                                        {product} {ergonomic}
     uint ConcGCThreads                            = 3                                         {product} {ergonomic}
     uint G1ConcRefinementThreads                  = 13                                        {product} {ergonomic}
   size_t G1HeapRegionSize                         = 2097152                                   {product} {ergonomic}
    uintx GCDrainStackTargetSize                   = 64                                        {product} {ergonomic}
   size_t InitialHeapSize                          = 264241152                                 {product} {ergonomic}
   size_t MarkStackSize                            = 4194304                                   {product} {ergonomic}
   size_t MaxHeapSize                              = 4227858432                                {product} {ergonomic}
   size_t MinHeapDeltaBytes                        = 2097152                                   {product} {ergonomic}
   size_t MinHeapSize                              = 8388608                                   {product} {ergonomic}
    uintx NonNMethodCodeHeapSize                   = 7602480                                {pd product} {ergonomic}
    uintx NonProfiledCodeHeapSize                  = 122027880                              {pd product} {ergonomic}
    uintx ProfiledCodeHeapSize                     = 122027880                              {pd product} {ergonomic}
    uintx ReservedCodeCacheSize                    = 251658240                              {pd product} {ergonomic}
     bool SegmentedCodeCache                       = true                                      {product} {ergonomic}
   size_t SoftMaxHeapSize                          = 4227858432                             {manageable} {ergonomic}
     bool UseCompressedClassPointers               = true                           {product lp64_product} {ergonomic}
     bool UseCompressedOops                        = true                           {product lp64_product} {ergonomic}
     bool UseG1GC                                  = true                                      {product} {ergonomic}
     bool UseLargePagesIndividualAllocation        = false                                  {pd product} {ergonomic}

Logging:
Log output configuration:
 #0: stdout all=warning uptime,level,tags
 #1: stderr all=off uptime,level,tags

Environment Variables:
JAVA_HOME=C:\Program Files\Java\jdk-17
PATH=C:\Program Files\Common Files\Oracle\Java\javapath;C:\Windows\system32;C:\Windows;C:\Windows\System32\Wbem;C:\Windows\System32\WindowsPowerShell\v1.0\;C:\Windows\System32\OpenSSH\;C:\Program Files (x86)\NVIDIA Corporation\PhysX\Common;C:\Program Files\Java\jdk-17\bin\bin;C:\Program Files\Git\cmd;C:\Program Files\apache-maven-3.9.4-bin\apache-maven-3.9.4\bin;C:\ProgramData\chocolatey\bin;C:\Program Files\nodejs\;C:\Program Files\MySQL\MySQL Shell 8.0\bin\;C:\Users\User\AppData\Local\Microsoft\WindowsApps;C:\Program Files\Java\jdk-17\bin;D:\IntelliJ IDEA Ultimate\IntelliJ IDEA 2023.1.2\bin;;C:\Program Files\nodejs;C:\Users\User\AppData\Roaming\npm
USERNAME=User
OS=Windows_NT
PROCESSOR_IDENTIFIER=Intel64 Family 6 Model 141 Stepping 1, GenuineIntel



---------------  S Y S T E M  ---------------

OS:
 Windows 10 , 64 bit Build 19041 (10.0.19041.3636)
OS uptime: 0 days 2:05 hours
Hyper-V role detected

CPU: total 16 (initial active 16) (8 cores per cpu, 2 threads per core) family 6 model 141 stepping 1 microcode 0x34, cx8, cmov, fxsr, ht, mmx, 3dnowpref, sse, sse2, sse3, ssse3, sse4.1, sse4.2, popcnt, lzcnt, tsc, tscinvbit, avx, avx2, aes, erms, clmul, bmi1, bmi2, adx, avx512f, avx512dq, avx512cd, avx512bw, avx512vl, sha, fma, vzeroupper, avx512_vpopcntdq, avx512_vpclmulqdq, avx512_vaes, avx512_vnni, clflush, clflushopt, clwb, avx512_vbmi2, avx512_vbmi, hv

Memory: 4k page, system-wide physical 16121M (3135M free)
TotalPageFile size 20217M (AvailPageFile size 197M)
current process WorkingSet (physical memory assigned to process): 10M, peak: 10M
current process commit charge ("private bytes"): 70M, peak: 322M

vm_info: Java HotSpot(TM) 64-Bit Server VM (17.0.9+11-LTS-201) for windows-amd64 JRE (17.0.9+11-LTS-201), built on Oct 10 2023 23:16:06 by "mach5one" with MS VC++ 17.1 (VS2022)

END.
